<?xml version="1.0" encoding="UTF-8" ?>
<testsuite tests="9" failures="2" name="TestSuite" time="31.043" errors="0" skipped="1">
  <properties>
[...]
</properties>
  <testcase classname="testcases_testng.NewTest" name="testOne" time="0.005"/>
  <testcase classname="testcases_testng.NewTest" name="testThree" time="0"/>
  <testcase classname="testcases_testng.NewTest" name="testTwo" time="0.001"/>
  <testcase classname="testcases_testng.TestcaseOne" name="test1" time="4.495"/>
  <testcase classname="testcases_testng.TestcaseOne" name="test2" time="4.994"/>
  <testcase classname="testcases_testng.TestcaseOne" name="test3" time="0.005">
    <failure message="Not yet implemented" type="java.lang.AssertionError">java.lang.AssertionError: Not yet implemented
	at org.junit.Assert.fail(Assert.java:88)
	at testcases_testng.TestcaseOne.test3(TestcaseOne.java:40)
</failure>
    <system-out>After Method
Before Method
STR:
[main] INFO  testbase.TestBase  - Start reading properties
[main] INFO  testbase.TestBase  - Get Browser from properties:chrome
[main] INFO  testbase.TestBase  - Maximize Browser
[main] INFO  testbase.TestBase  - URL:https://admin-demo.nopcommerce.com 
Test 
</system-out>
    <system-err>Starting ChromeDriver 81.0.4044.69 (6813546031a4bc83f717a2ef7cd4ac6ec1199132-refs/branch-heads/4044@{#776}) on port 45966
Only local connections are allowed.
Please protect ports used by ChromeDriver and related test frameworks to prevent access by malicious code.
May 10, 2020 2:42:40 PM org.openqa.selenium.remote.ProtocolHandshake createSession
INFO: Detected dialect: W3C
</system-err>
  </testcase>
  <testcase classname="testcases_testng.TestcaseTwo_browserOnce" name="checkValidUsername" time="20.59">
    <failure message="expected [true] but found [false]" type="java.lang.AssertionError">java.lang.AssertionError: expected [true] but found [false]
	at org.testng.Assert.fail(Assert.java:97)
	at org.testng.Assert.failNotEquals(Assert.java:969)
	at org.testng.Assert.assertTrue(Assert.java:43)
	at org.testng.Assert.assertTrue(Assert.java:53)
	at testcases_testng.TestcaseTwo_browserOnce.checkValidUsername(TestcaseTwo_browserOnce.java:30)
</failure>
    <system-out>After Method
[main] INFO  testbase.TestBase  - class testcases_testng.TestcaseTwo_browserOnce
[main] INFO  testbase.TestBase  - Before Method
Before Method
STR:[main] INFO  testbase.TestBase  - Start reading properties
[main] INFO  testbase.TestBase  - Get Browser from properties:chrome
[main] INFO  testbase.TestBase  - Maximize Browser
[main] INFO  testbase.TestBase  - URL:https://admin-demo.nopcommerce.com 
</system-out>
    <system-err>Starting ChromeDriver 81.0.4044.69 (6813546031a4bc83f717a2ef7cd4ac6ec1199132-refs/branch-heads/4044@{#776}) on port 12533
Only local connections are allowed.
Please protect ports used by ChromeDriver and related test frameworks to prevent access by malicious code.
May 10, 2020 2:42:45 PM org.openqa.selenium.remote.ProtocolHandshake createSession
INFO: Detected dialect: W3C
</system-err>
  </testcase>
  <testcase classname="testcases_testng.TestcaseTwo_browserOnce" name="checkErrorOnWrongCredetial" time="0.953"/>
  <testcase classname="testcases_testng.TestcaseTwo_browserOnce" name="checkWelcomeMessage" time="0">
    <skipped/>
  </testcase>
</testsuite>